<?xml version="1.0" encoding="UTF-8"?>
<!-- Generated by org.testng.reporters.JUnitXMLReporter -->
<testsuite hostname="SONY-PC" ignored="0" name="GoogleSearch" tests="1" failures="0" timestamp="09 Aug 2019 05:08:03 GMT" time="0.016" errors="0">
  <testcase name="@BeforeSuite setUp" time="0.016" classname="com.TCS.base.testbase">
    <failure type="java.lang.NullPointerException">
      <![CDATA[java.lang.NullPointerException
at java.io.FileInputStream.<init>(Unknown Source)
at java.io.FileInputStream.<init>(Unknown Source)
at com.TCS.base.testbase.setUp(testbase.java:43)
... Removed 20 stack frames]]>
    </failure>
  </testcase> <!-- @BeforeSuite setUp -->
  <testcase name="searchGoogle" time="0.0" classname="com.TCS.testCase.SearchInGoogle">
    <skipped/>
  </testcase> <!-- searchGoogle -->
</testsuite> <!-- GoogleSearch -->
