<?xml version="1.0" encoding="UTF-8"?>
<testng-results skipped="0" failed="0" ignored="0" total="1" passed="1">
  <reporter-output>
  </reporter-output>
  <suite name="DataDrivenFramework" duration-ms="3532" started-at="2019-08-12T05:43:51Z" finished-at="2019-08-12T05:43:55Z">
    <groups>
    </groups>
    <test name="GoogleSearch" duration-ms="3532" started-at="2019-08-12T05:43:51Z" finished-at="2019-08-12T05:43:55Z">
      <class name="com.TCS.testCase.SearchInGoogle">
        <test-method status="PASS" signature="setUp()[pri:0, instance:com.TCS.testCase.SearchInGoogle@4b53f538]" name="setUp" is-config="true" duration-ms="13714" started-at="2019-08-12T05:43:38Z" finished-at="2019-08-12T05:43:51Z">
          <reporter-output>
          </reporter-output>
        </test-method> <!-- setUp -->
        <test-method status="PASS" signature="searchGoogle()[pri:0, instance:com.TCS.testCase.SearchInGoogle@4b53f538]" name="searchGoogle" duration-ms="3482" started-at="2019-08-12T05:43:51Z" finished-at="2019-08-12T05:43:55Z">
          <reporter-output>
          </reporter-output>
        </test-method> <!-- searchGoogle -->
        <test-method status="PASS" signature="tearDown()[pri:0, instance:com.TCS.testCase.SearchInGoogle@4b53f538]" name="tearDown" is-config="true" duration-ms="1520" started-at="2019-08-12T05:43:55Z" finished-at="2019-08-12T05:43:57Z">
          <reporter-output>
          </reporter-output>
        </test-method> <!-- tearDown -->
      </class> <!-- com.TCS.testCase.SearchInGoogle -->
    </test> <!-- GoogleSearch -->
  </suite> <!-- DataDrivenFramework -->
</testng-results>
